<?xml version="1.0" encoding="UTF-8"?>
<!-- Generated by org.testng.reporters.JUnitReportReporter -->
<testsuite hostname="DESKTOP-FPHIKD9" failures="0" tests="2" name="Tests.ApiDemoTest" time="36.213" errors="0" timestamp="2025-01-03T19:46:07 IST" skipped="0">
  <testcase classname="Tests.ApiDemoTest" name="validateButtonTest" time="15.667"/>
  <testcase classname="Tests.ApiDemoTest" name="validateText" time="20.546"/>
</testsuite> <!-- Tests.ApiDemoTest -->
